Arguments: 
  C:\Program Files\nodejs\node.exe C:\Users\E5470\AppData\Roaming\npm\node_modules\yarn\bin\yarn.js install

PATH: 
  C:\Program Files\AdoptOpenJDK\jre-15.0.2.7-hotspot\bin;C:\Windows\system32;C:\Windows;C:\Windows\System32\Wbem;C:\Windows\System32\WindowsPowerShell\v1.0\;C:\Windows\System32\OpenSSH\;C:\Program Files\nodejs\;C:\Program Files\Git\cmd;C:\ProgramData\chocolatey\bin;C:\Users\E5470\AppData\Local\Microsoft\WindowsApps;C:\Users\E5470\AppData\Roaming\npm;C:\Users\E5470\AppData\Local\Programs\Microsoft VS Code\bin;C:\Program Files\heroku\bin

Yarn version: 
  1.22.10

Node version: 
  14.15.4

Platform: 
  win32 x64

Trace: 
  SyntaxError: C:\HRFULLSTACK\package.json: Unexpected token : in JSON at position 9
      at JSON.parse (<anonymous>)
      at C:\Users\E5470\AppData\Roaming\npm\node_modules\yarn\lib\cli.js:1625:59
      at Generator.next (<anonymous>)
      at step (C:\Users\E5470\AppData\Roaming\npm\node_modules\yarn\lib\cli.js:310:30)
      at C:\Users\E5470\AppData\Roaming\npm\node_modules\yarn\lib\cli.js:321:13

npm manifest: 
  "scripts": {
      "start": "nodemon",
      "build": "webpack --config webpack.config.client.production.js && webpack --mode=production --config webpack.config.server.js",
      "prod": "set NODE_ENV=production node ./dist/server.generated.js",
      "reverse:db": "sequelize-auto -o ./schema-reverse -d batch9-db -h localhost -u postgres -p 5432 -x admin -e postgres"
    },
    "dependencies": {
      "@hot-loader/react-dom": "^17.0.1",
      "@popperjs/core": "^2.9.0",
      "@tailwindcss/custom-forms": "^0.2.1",
      "@tailwindcss/forms": "^0.2.1",
      "axios": "^0.21.1",
      "body-parser": "^1.19.0",
      "compression": "^1.7.4",
      "cookie-parser": "^1.4.5",
      "cors": "^2.8.5",
      "express": "^4.17.1",
      "express-jwt": "^6.0.0",
      "formidable": "^1.2.2",
      "fs": "^0.0.1-security",
      "helmet": "3.22.0",
      "http": "^0.0.1-security",
      "https": "^1.0.0",
      "jsonwebtoken": "^8.5.1",
      "multer": "^1.4.2",
      "path": "^0.12.7",
      "pg": "^8.5.1",
      "react": "^17.0.1",
      "react-dom": "^17.0.1",
      "react-hot-loader": "^4.13.0",
      "react-router-dom": "^5.2.0",
      "sequelize": "^5.21.7",
      "tailwindcss": "^2.0.3"
    },
    "devDependencies": {
      "@babel/core": "^7.13.0",
      "@babel/node": "^7.12.13",
      "@babel/preset-env": "^7.13.0",
      "@babel/preset-react": "^7.12.13",
      "babel-loader": "^8.2.2",
      "css-loader": "^5.1.1",
      "file-loader": "^6.2.0",
      "less-loader": "^8.1.1",
      "nodemon": "^2.0.7",
      "postcss": "^8.2.7",
      "postcss-loader": "^5.0.0",
      "sequelize-auto": "^0.7.11",
      "style-loader": "^2.0.0",
      "webpack": "^5.24.0",
      "webpack-cli": "^4.5.0",
      "webpack-dev-middleware": "^4.1.0",
      "webpack-hot-middleware": "^2.25.0",
      "webpack-node-externals": "^2.5.2"
    }

yarn manifest: 
  No manifest

Lockfile: 
  # THIS IS AN AUTOGENERATED FILE. DO NOT EDIT THIS FILE DIRECTLY.
  # yarn lockfile v1
